0 info it worked if it ends with ok
1 verbose cli [ '/usr/local/Cellar/node/5.10.1/bin/node',
1 verbose cli   '/usr/local/bin/npm',
1 verbose cli   'publish' ]
2 info using npm@3.10.3
3 info using node@v6.4.0
4 verbose publish [ '.' ]
5 silly cache add args [ '.', null ]
6 verbose cache add spec .
7 silly cache add parsed spec Result {
7 silly cache add   raw: '.',
7 silly cache add   scope: null,
7 silly cache add   escapedName: null,
7 silly cache add   name: null,
7 silly cache add   rawSpec: '.',
7 silly cache add   spec: '/Users/nenad/www/npm_modules/slug-generator',
7 silly cache add   type: 'directory' }
8 verbose addLocalDirectory /Users/nenad/.npm/slug-generator/1.0.0/package.tgz not in flight; packing
9 verbose correctMkdir /Users/nenad/.npm correctMkdir not in flight; initializing
10 info lifecycle slug-generator@1.0.0~prepublish: slug-generator@1.0.0
11 silly lifecycle slug-generator@1.0.0~prepublish: no script for prepublish, continuing
12 verbose tar pack [ '/Users/nenad/.npm/slug-generator/1.0.0/package.tgz',
12 verbose tar pack   '/Users/nenad/www/npm_modules/slug-generator' ]
13 verbose tarball /Users/nenad/.npm/slug-generator/1.0.0/package.tgz
14 verbose folder /Users/nenad/www/npm_modules/slug-generator
15 verbose addLocalTarball adding from inside cache /Users/nenad/.npm/slug-generator/1.0.0/package.tgz
16 verbose correctMkdir /Users/nenad/.npm correctMkdir not in flight; initializing
17 silly cache afterAdd slug-generator@1.0.0
18 verbose afterAdd /Users/nenad/.npm/slug-generator/1.0.0/package/package.json not in flight; writing
19 verbose correctMkdir /Users/nenad/.npm correctMkdir not in flight; initializing
20 verbose afterAdd /Users/nenad/.npm/slug-generator/1.0.0/package/package.json written
21 silly publish { name: 'slug-generator',
21 silly publish   version: '1.0.0',
21 silly publish   description: 'Create URI slug in easy way. Supports serbian cyrilic and latin language. Based on https://github.com/simov/slugify.git module.',
21 silly publish   main: 'index.js',
21 silly publish   scripts: { test: 'test' },
21 silly publish   repository:
21 silly publish    { type: 'git',
21 silly publish      url: 'git+https://github.com/emerald-code/slug-generator.git' },
21 silly publish   keywords:
21 silly publish    [ 'slug',
21 silly publish      'slugify',
21 silly publish      'url',
21 silly publish      'generator',
21 silly publish      'expressjs',
21 silly publish      'nodejs',
21 silly publish      'js',
21 silly publish      'uri' ],
21 silly publish   author: { name: 'Ghost Rider' },
21 silly publish   license: 'ISC',
21 silly publish   bugs: { url: 'https://github.com/emerald-code/slug-generator/issues' },
21 silly publish   homepage: 'https://github.com/emerald-code/slug-generator#readme',
21 silly publish   gitHead: 'd2e0c4f05af3743fa5b882e543df3b01b714d83e',
21 silly publish   readme: 'ERROR: No README data found!',
21 silly publish   _id: 'slug-generator@1.0.0',
21 silly publish   _shasum: 'd0fa1ba7007d8d5daaa6ac4c37cdf35845aa7af4',
21 silly publish   _from: '.' }
22 verbose getPublishConfig undefined
23 silly mapToRegistry name slug-generator
24 silly mapToRegistry using default registry
25 silly mapToRegistry registry https://registry.npmjs.org/
26 silly mapToRegistry data Result {
26 silly mapToRegistry   raw: 'slug-generator',
26 silly mapToRegistry   scope: null,
26 silly mapToRegistry   escapedName: 'slug-generator',
26 silly mapToRegistry   name: 'slug-generator',
26 silly mapToRegistry   rawSpec: '',
26 silly mapToRegistry   spec: 'latest',
26 silly mapToRegistry   type: 'tag' }
27 silly mapToRegistry uri https://registry.npmjs.org/slug-generator
28 verbose publish registryBase https://registry.npmjs.org/
29 silly publish uploading /Users/nenad/.npm/slug-generator/1.0.0/package.tgz
30 verbose request uri https://registry.npmjs.org/slug-generator
31 verbose request sending authorization for write operation
32 info attempt registry request try #1 at 4:15:57 PM
33 verbose request using bearer token for auth
34 verbose request id d0bfd611ef08b19a
35 http request PUT https://registry.npmjs.org/slug-generator
36 http 403 https://registry.npmjs.org/slug-generator
37 verbose headers { 'content-type': 'application/json',
37 verbose headers   'cache-control': 'max-age=300',
37 verbose headers   'content-length': '95',
37 verbose headers   'accept-ranges': 'bytes',
37 verbose headers   date: 'Fri, 04 Nov 2016 15:15:45 GMT',
37 verbose headers   via: '1.1 varnish',
37 verbose headers   connection: 'keep-alive',
37 verbose headers   'x-served-by': 'cache-fra1238-FRA',
37 verbose headers   'x-cache': 'MISS',
37 verbose headers   'x-cache-hits': '0',
37 verbose headers   'x-timer': 'S1478272544.976001,VS0,VE822',
37 verbose headers   vary: 'Accept-Encoding' }
38 verbose request invalidating /Users/nenad/.npm/registry.npmjs.org/slug-generator on PUT
39 error publish Failed PUT 403
40 verbose stack Error: "You cannot publish over the previously published version 1.0.0." : slug-generator
40 verbose stack     at makeError (/usr/local/lib/node_modules/npm/node_modules/npm-registry-client/lib/request.js:264:12)
40 verbose stack     at CachingRegistryClient.<anonymous> (/usr/local/lib/node_modules/npm/node_modules/npm-registry-client/lib/request.js:252:14)
40 verbose stack     at Request._callback (/usr/local/lib/node_modules/npm/node_modules/npm-registry-client/lib/request.js:172:14)
40 verbose stack     at Request.self.callback (/usr/local/lib/node_modules/npm/node_modules/request/request.js:200:22)
40 verbose stack     at emitTwo (events.js:106:13)
40 verbose stack     at Request.emit (events.js:191:7)
40 verbose stack     at Request.<anonymous> (/usr/local/lib/node_modules/npm/node_modules/request/request.js:1067:10)
40 verbose stack     at emitOne (events.js:101:20)
40 verbose stack     at Request.emit (events.js:188:7)
40 verbose stack     at IncomingMessage.<anonymous> (/usr/local/lib/node_modules/npm/node_modules/request/request.js:988:12)
41 verbose statusCode 403
42 verbose pkgid slug-generator
43 verbose cwd /Users/nenad/www/npm_modules/slug-generator
44 error Darwin 16.1.0
45 error argv "/usr/local/Cellar/node/5.10.1/bin/node" "/usr/local/bin/npm" "publish"
46 error node v6.4.0
47 error npm  v3.10.3
48 error code E403
49 error "You cannot publish over the previously published version 1.0.0." : slug-generator
50 error If you need help, you may report this error at:
50 error     <https://github.com/npm/npm/issues>
51 verbose exit [ 1, true ]
